<?xml version="1.0" encoding="UTF-8"?>
<!-- Generated by org.testng.reporters.JUnitXMLReporter -->
<testsuite ignored="0" hostname="SIPL30" failures="0" tests="1" name="SpotQuote_Verification" time="0.009" errors="0" timestamp="2023-08-18T16:57:20 IST">
  <testcase classname="connect_BasePackage.BaseInit" name="@BeforeSuite beforeMethod" time="4.318">
    <failure type="org.openqa.selenium.SessionNotCreatedException" message="Could not start a new session. Response code 500. Message: session not created: This version of ChromeDriver only supports Chrome version 114
Current browser version is 116.0.5845.97 with binary path C:\Program Files\Google\Chrome\Application\chrome.exe 
Host info: host: &amp;apos;SIPL30&amp;apos;, ip: &amp;apos;10.100.112.30&amp;apos;
Build info: version: &amp;apos;4.9.0&amp;apos;, revision: &amp;apos;d7057100a6&amp;apos;
System info: os.name: &amp;apos;Windows 10&amp;apos;, os.arch: &amp;apos;amd64&amp;apos;, os.version: &amp;apos;10.0&amp;apos;, java.version: &amp;apos;19.0.2&amp;apos;
Driver info: org.openqa.selenium.chrome.ChromeDriver
Command: [null, newSession {capabilities=[Capabilities {browserName: chrome, goog:chromeOptions: {args: [--remote-allow-origins=*, --headless, --window-size=1920, 1080, --disable-extensions, --no-sandbox, enable-automation, --dns-prefetch-disable, --disable-gpu, enable-features=NetworkServ..., --disable-infobars, --disable-dev-shm-usage, --force-device-scale-factor=1, --no-proxy-server, --log-level=3, --silent, --no-proxy-server, --proxy-bypass-list=*], extensions: [], prefs: {download.default_directory: D:\Parth workspace\TestingA..., profile.default_content_settings.popups: 0, safebrowsing.enabled: false}}}]}]">
      <![CDATA[org.openqa.selenium.SessionNotCreatedException: Could not start a new session. Response code 500. Message: session not created: This version of ChromeDriver only supports Chrome version 114
Current browser version is 116.0.5845.97 with binary path C:\Program Files\Google\Chrome\Application\chrome.exe 
Host info: host: 'SIPL30', ip: '10.100.112.30'
Build info: version: '4.9.0', revision: 'd7057100a6'
System info: os.name: 'Windows 10', os.arch: 'amd64', os.version: '10.0', java.version: '19.0.2'
Driver info: org.openqa.selenium.chrome.ChromeDriver
Command: [null, newSession {capabilities=[Capabilities {browserName: chrome, goog:chromeOptions: {args: [--remote-allow-origins=*, --headless, --window-size=1920, 1080, --disable-extensions, --no-sandbox, enable-automation, --dns-prefetch-disable, --disable-gpu, enable-features=NetworkServ..., --disable-infobars, --disable-dev-shm-usage, --force-device-scale-factor=1, --no-proxy-server, --log-level=3, --silent, --no-proxy-server, --proxy-bypass-list=*], extensions: [], prefs: {download.default_directory: D:\Parth workspace\TestingA..., profile.default_content_settings.popups: 0, safebrowsing.enabled: false}}}]}]
at org.openqa.selenium.remote.ProtocolHandshake.createSession(ProtocolHandshake.java:136)
at org.openqa.selenium.remote.ProtocolHandshake.createSession(ProtocolHandshake.java:94)
at org.openqa.selenium.remote.ProtocolHandshake.createSession(ProtocolHandshake.java:68)
at org.openqa.selenium.remote.HttpCommandExecutor.execute(HttpCommandExecutor.java:165)
at org.openqa.selenium.remote.service.DriverCommandExecutor.invokeExecute(DriverCommandExecutor.java:183)
at org.openqa.selenium.remote.service.DriverCommandExecutor.execute(DriverCommandExecutor.java:158)
at org.openqa.selenium.remote.RemoteWebDriver.execute(RemoteWebDriver.java:543)
at org.openqa.selenium.remote.RemoteWebDriver.startSession(RemoteWebDriver.java:229)
at org.openqa.selenium.remote.RemoteWebDriver.<init>(RemoteWebDriver.java:157)
at org.openqa.selenium.chromium.ChromiumDriver.<init>(ChromiumDriver.java:101)
at org.openqa.selenium.chrome.ChromeDriver.<init>(ChromeDriver.java:88)
at org.openqa.selenium.chrome.ChromeDriver.<init>(ChromeDriver.java:84)
at org.openqa.selenium.chrome.ChromeDriver.<init>(ChromeDriver.java:73)
at connect_BasePackage.BaseInit.beforeMethod(BaseInit.java:137)
... Removed 17 stack frames]]>
    </failure>
  </testcase> <!-- @BeforeSuite beforeMethod -->
  <testcase classname="connect_BasePackage.BaseInit" name="@BeforeMethod testMethodName" time="-1.692358040781E9">
    <skipped/>
  </testcase> <!-- @BeforeMethod testMethodName -->
  <testcase classname="connect_BasePackage.BaseInit" name="@AfterMethod getResult" time="-1.692358040788E9">
    <skipped/>
  </testcase> <!-- @AfterMethod getResult -->
  <testcase classname="connect_SpotQuoteVerification.SpotQuote_Verification" name="VerifySpotQuote" time="0.0">
    <skipped/>
  </testcase> <!-- VerifySpotQuote -->
</testsuite> <!-- SpotQuote_Verification -->
